%!Adobe-FontList 1.17
%Locale:0x409

%BeginFont
Handler:DirectoryHandler
FontType:Type1
FontName:Gilroy-Bold
FamilyName:Gilroy
StyleName:Bold
MenuName:Gilroy
StyleBits:2
WeightClass:700
WidthClass:5
AngleClass:0
FullName:Gilroy Bold
WritingScript:Roman
OutlineFileName:\Gilroy-Bold.otf
DataFormat:sfntData
UsesStandardEncoding:yes
isCFF:yes
FileLength:137860
FileModTime:1470831138
NameArray:0,Mac,18,Gilroy Bold
NameArray:0,Mac,4,Gilroy Bold
NameArray:0,Win,1,Gilroy
%EndFont

%BeginFont
Handler:DirectoryHandler
FontType:Type1
FontName:Gilroy-Heavy
FamilyName:Gilroy
StyleName:Heavy
MenuName:Gilroy
StyleBits:0
WeightClass:1000
WidthClass:5
AngleClass:0
FullName:Gilroy Heavy
WritingScript:Roman
OutlineFileName:\Gilroy-Heavy.otf
DataFormat:sfntData
UsesStandardEncoding:yes
isCFF:yes
FileLength:139100
FileModTime:1470831164
NameArray:0,Mac,18,Gilroy Heavy
NameArray:0,Mac,4,Gilroy Heavy
NameArray:0,Win,1,Gilroy
%EndFont

%BeginFont
Handler:DirectoryHandler
FontType:Type1
FontName:Gilroy-Light
FamilyName:Gilroy
StyleName:Light
MenuName:Gilroy
StyleBits:0
WeightClass:300
WidthClass:5
AngleClass:0
FullName:Gilroy Light
WritingScript:Roman
OutlineFileName:\Gilroy-Light.otf
DataFormat:sfntData
UsesStandardEncoding:yes
isCFF:yes
FileLength:135812
FileModTime:1470831069
NameArray:0,Mac,18,Gilroy Light
NameArray:0,Mac,4,Gilroy Light
NameArray:0,Win,1,Gilroy
%EndFont

%BeginFont
Handler:DirectoryHandler
FontType:Type1
FontName:Gilroy-Regular
FamilyName:Gilroy
StyleName:Regular
MenuName:Gilroy
StyleBits:0
WeightClass:400
WidthClass:5
AngleClass:0
FullName:Gilroy Regular
WritingScript:Roman
OutlineFileName:\Gilroy-Regular.otf
DataFormat:sfntData
UsesStandardEncoding:yes
isCFF:yes
FileLength:136084
FileModTime:1470831079
NameArray:0,Mac,18,Gilroy Regular
NameArray:0,Mac,4,Gilroy Regular
NameArray:0,Win,1,Gilroy
%EndFont

%BeginFont
Handler:DirectoryHandler
FontType:Type1
FontName:Gilroy-Thin
FamilyName:Gilroy
StyleName:Thin
MenuName:Gilroy
StyleBits:0
WeightClass:250
WidthClass:5
AngleClass:0
FullName:Gilroy Thin
WritingScript:Roman
OutlineFileName:\Gilroy-Thin.otf
DataFormat:sfntData
UsesStandardEncoding:yes
isCFF:yes
FileLength:136104
FileModTime:1470831078
NameArray:0,Mac,18,Gilroy Thin
NameArray:0,Mac,4,Gilroy Thin
NameArray:0,Win,1,Gilroy
%EndFont

%BeginFont
Handler:DirectoryHandler
FontType:TrueType
FontName:Verdana-BoldItalic
FamilyName:Verdana
StyleName:Bold Italic
MenuName:Verdana
StyleBits:3
WeightClass:700
WidthClass:5
AngleClass:1
FullName:Verdana Bold Italic
WritingScript:Roman
OutlineFileName:\Verdana Bold Italic.ttf
DataFormat:sfntData
FileLength:176528
FileModTime:1339844400
NameArray:0,Mac,4,Verdana Bold Italic
NameArray:0,Win,1,Verdana
%EndFont

%BeginFont
Handler:DirectoryHandler
FontType:TrueType
FontName:Verdana-Bold
FamilyName:Verdana
StyleName:Bold
MenuName:Verdana
StyleBits:2
WeightClass:700
WidthClass:5
AngleClass:0
FullName:Verdana Bold
WritingScript:Roman
OutlineFileName:\Verdana Bold.ttf
DataFormat:sfntData
FileLength:156340
FileModTime:1339844400
NameArray:0,Mac,4,Verdana Bold
NameArray:0,Win,1,Verdana
%EndFont

%BeginFont
Handler:DirectoryHandler
FontType:TrueType
FontName:Verdana-Italic
FamilyName:Verdana
StyleName:Italic
MenuName:Verdana
StyleBits:1
WeightClass:400
WidthClass:5
AngleClass:1
FullName:Verdana Italic
WritingScript:Roman
OutlineFileName:\Verdana Italic.ttf
DataFormat:sfntData
FileLength:177996
FileModTime:1339844400
NameArray:0,Mac,4,Verdana Italic
NameArray:0,Win,1,Verdana
%EndFont

%BeginFont
Handler:DirectoryHandler
FontType:TrueType
FontName:Verdana
FamilyName:Verdana
StyleName:Regular
MenuName:Verdana
StyleBits:0
WeightClass:400
WidthClass:5
AngleClass:0
FullName:Verdana
WritingScript:Roman
OutlineFileName:\Verdana.ttf
DataFormat:sfntData
FileLength:189144
FileModTime:1339844400
NameArray:0,Mac,4,Verdana
NameArray:0,Win,1,Verdana
%EndFont

